<?xml version="1.0" encoding="UTF-8"?>
<!-- Generated by org.testng.reporters.JUnitReportReporter -->
<testsuite hostname="system11" name="DriverFactory.AppTest" tests="1" failures="0" timestamp="8 May 2019 01:46:36 GMT" time="6.082" errors="0">
  <testcase name="kickStart" time="6.082" classname="DriverFactory.AppTest"/>
</testsuite> <!-- DriverFactory.AppTest -->
